running develop
running egg_info
creating simulation.egg-info
writing simulation.egg-info/PKG-INFO
writing dependency_links to simulation.egg-info/dependency_links.txt
writing entry points to simulation.egg-info/entry_points.txt
writing requirements to simulation.egg-info/requires.txt
writing top-level names to simulation.egg-info/top_level.txt
writing manifest file 'simulation.egg-info/SOURCES.txt'
reading manifest file 'simulation.egg-info/SOURCES.txt'
writing manifest file 'simulation.egg-info/SOURCES.txt'
running build_ext
Creating /home/joe/Desktop/FURP/install/simulation/lib/python3.12/site-packages/simulation.egg-link (link to .)
Installing sim script to /home/joe/Desktop/FURP/install/simulation/lib/simulation

Installed /home/joe/Desktop/FURP/build/simulation
running symlink_data
creating /home/joe/Desktop/FURP/install/simulation/share/ament_index
creating /home/joe/Desktop/FURP/install/simulation/share/ament_index/resource_index
creating /home/joe/Desktop/FURP/install/simulation/share/ament_index/resource_index/packages
symbolically linking /home/joe/Desktop/FURP/build/simulation/resource/simulation/simulation -> /home/joe/Desktop/FURP/install/simulation/share/ament_index/resource_index/packages
symbolically linking /home/joe/Desktop/FURP/build/simulation/package.xml -> /home/joe/Desktop/FURP/install/simulation/share/simulation
creating /home/joe/Desktop/FURP/install/simulation/share/simulation/launch
symbolically linking /home/joe/Desktop/FURP/build/simulation/launch/my_launch.launch.py -> /home/joe/Desktop/FURP/install/simulation/share/simulation/launch
