running develop
running egg_info
creating control.egg-info
writing control.egg-info/PKG-INFO
writing dependency_links to control.egg-info/dependency_links.txt
writing requirements to control.egg-info/requires.txt
writing top-level names to control.egg-info/top_level.txt
writing manifest file 'control.egg-info/SOURCES.txt'
reading manifest file 'control.egg-info/SOURCES.txt'
writing manifest file 'control.egg-info/SOURCES.txt'
running build_ext
Creating /home/joe/Desktop/FURP/install/control/lib/python3.12/site-packages/control.egg-link (link to .)

Installed /home/joe/Desktop/FURP/build/control
running symlink_data
creating /home/joe/Desktop/FURP/install/control/share/ament_index
creating /home/joe/Desktop/FURP/install/control/share/ament_index/resource_index
creating /home/joe/Desktop/FURP/install/control/share/ament_index/resource_index/packages
symbolically linking /home/joe/Desktop/FURP/build/control/resource/control/control -> /home/joe/Desktop/FURP/install/control/share/ament_index/resource_index/packages
symbolically linking /home/joe/Desktop/FURP/build/control/package.xml -> /home/joe/Desktop/FURP/install/control/share/control
creating /home/joe/Desktop/FURP/install/control/share/control/launch
