[1.287s] Invoking command in '/home/joe/Desktop/FURP/build/control': AMENT_PREFIX_PATH=/home/joe/Desktop/FURP/install/description:${AMENT_PREFIX_PATH} DEBUGINFOD_URLS=https://debuginfod.ubuntu.com PYTHONPATH=/home/joe/Desktop/FURP/build/control/prefix_override:/usr/lib/python3/dist-packages/colcon_core/task/python/colcon_distutils_commands:/home/joe/Desktop/FURP/install/control/lib/python3.12/site-packages:/home/joe/Desktop/FURP/build/description:/home/joe/Desktop/FURP/install/description/lib/python3.12/site-packages:${PYTHONPATH} VIRTUAL_ENV_PROMPT=(.venv) /usr/bin/python3 -W ignore:setup.py install is deprecated -W ignore:easy_install command is deprecated setup.py develop --editable --build-directory /home/joe/Desktop/FURP/build/control/build --no-deps symlink_data
[1.691s] running develop
[1.904s] running egg_info
[1.904s] creating control.egg-info
[1.925s] writing control.egg-info/PKG-INFO
[1.925s] writing dependency_links to control.egg-info/dependency_links.txt
[1.925s] writing requirements to control.egg-info/requires.txt
[1.925s] writing top-level names to control.egg-info/top_level.txt
[1.926s] writing manifest file 'control.egg-info/SOURCES.txt'
[1.968s] reading manifest file 'control.egg-info/SOURCES.txt'
[1.968s] writing manifest file 'control.egg-info/SOURCES.txt'
[1.990s] running build_ext
[1.991s] Creating /home/joe/Desktop/FURP/install/control/lib/python3.12/site-packages/control.egg-link (link to .)
[1.992s] 
[1.992s] Installed /home/joe/Desktop/FURP/build/control
[1.992s] running symlink_data
[1.992s] creating /home/joe/Desktop/FURP/install/control/share/ament_index
[1.992s] creating /home/joe/Desktop/FURP/install/control/share/ament_index/resource_index
[1.992s] creating /home/joe/Desktop/FURP/install/control/share/ament_index/resource_index/packages
[1.993s] symbolically linking /home/joe/Desktop/FURP/build/control/resource/control/control -> /home/joe/Desktop/FURP/install/control/share/ament_index/resource_index/packages
[1.993s] symbolically linking /home/joe/Desktop/FURP/build/control/package.xml -> /home/joe/Desktop/FURP/install/control/share/control
[1.993s] creating /home/joe/Desktop/FURP/install/control/share/control/launch
[2.031s] Invoked command in '/home/joe/Desktop/FURP/build/control' returned '0': AMENT_PREFIX_PATH=/home/joe/Desktop/FURP/install/description:${AMENT_PREFIX_PATH} DEBUGINFOD_URLS=https://debuginfod.ubuntu.com PYTHONPATH=/home/joe/Desktop/FURP/build/control/prefix_override:/usr/lib/python3/dist-packages/colcon_core/task/python/colcon_distutils_commands:/home/joe/Desktop/FURP/install/control/lib/python3.12/site-packages:/home/joe/Desktop/FURP/build/description:/home/joe/Desktop/FURP/install/description/lib/python3.12/site-packages:${PYTHONPATH} VIRTUAL_ENV_PROMPT=(.venv) /usr/bin/python3 -W ignore:setup.py install is deprecated -W ignore:easy_install command is deprecated setup.py develop --editable --build-directory /home/joe/Desktop/FURP/build/control/build --no-deps symlink_data
