running egg_info
creating ../../build/description/description.egg-info
writing ../../build/description/description.egg-info/PKG-INFO
writing dependency_links to ../../build/description/description.egg-info/dependency_links.txt
writing entry points to ../../build/description/description.egg-info/entry_points.txt
writing requirements to ../../build/description/description.egg-info/requires.txt
writing top-level names to ../../build/description/description.egg-info/top_level.txt
writing manifest file '../../build/description/description.egg-info/SOURCES.txt'
reading manifest file '../../build/description/description.egg-info/SOURCES.txt'
writing manifest file '../../build/description/description.egg-info/SOURCES.txt'
running build
running build_py
creating /home/joe/Desktop/FURP/build/description/build
creating /home/joe/Desktop/FURP/build/description/build/lib
creating /home/joe/Desktop/FURP/build/description/build/lib/description
copying description/plan.py -> /home/joe/Desktop/FURP/build/description/build/lib/description
copying description/__init__.py -> /home/joe/Desktop/FURP/build/description/build/lib/description
running install
running install_lib
creating /home/joe/Desktop/FURP/install/description/lib/python3.12/site-packages/description
copying /home/joe/Desktop/FURP/build/description/build/lib/description/plan.py -> /home/joe/Desktop/FURP/install/description/lib/python3.12/site-packages/description
copying /home/joe/Desktop/FURP/build/description/build/lib/description/__init__.py -> /home/joe/Desktop/FURP/install/description/lib/python3.12/site-packages/description
byte-compiling /home/joe/Desktop/FURP/install/description/lib/python3.12/site-packages/description/plan.py to plan.cpython-312.pyc
byte-compiling /home/joe/Desktop/FURP/install/description/lib/python3.12/site-packages/description/__init__.py to __init__.cpython-312.pyc
running install_data
error: can't copy 'resource/description': doesn't exist or not a regular file
creating /home/joe/Desktop/FURP/install/description/share/ament_index
creating /home/joe/Desktop/FURP/install/description/share/ament_index/resource_index
creating /home/joe/Desktop/FURP/install/description/share/ament_index/resource_index/packages
