[0.128s] DEBUG:colcon:Command line arguments: ['/usr/bin/colcon', 'build', '--symlink-install', '--allow-overriding', 'simulation']
[0.128s] DEBUG:colcon:Parsed command line arguments: Namespace(log_base=None, log_level=None, verb_name='build', build_base='build', install_base='install', merge_install=False, symlink_install=True, test_result_base=None, continue_on_error=False, executor='parallel', parallel_workers=14, event_handlers=None, ignore_user_meta=False, metas=['./colcon.meta'], base_paths=['.'], packages_ignore=None, packages_ignore_regex=None, paths=None, packages_up_to=None, packages_up_to_regex=None, packages_above=None, packages_above_and_dependencies=None, packages_above_depth=None, packages_select_by_dep=None, packages_skip_by_dep=None, packages_skip_up_to=None, packages_select_build_failed=False, packages_skip_build_finished=False, packages_select_test_failures=False, packages_skip_test_passed=False, packages_select=None, packages_skip=None, packages_select_regex=None, packages_skip_regex=None, packages_start=None, packages_end=None, allow_overriding=['simulation'], cmake_args=None, cmake_target=None, cmake_target_skip_unavailable=False, cmake_clean_cache=False, cmake_clean_first=False, cmake_force_configure=False, ament_cmake_args=None, catkin_cmake_args=None, catkin_skip_building_tests=False, mixin_files=None, mixin=None, verb_parser=<colcon_mixin.mixin.mixin_argument.MixinArgumentDecorator object at 0x79c13d3bb500>, verb_extension=<colcon_core.verb.build.BuildVerb object at 0x79c13d302ba0>, main=<bound method BuildVerb.main of <colcon_core.verb.build.BuildVerb object at 0x79c13d302ba0>>, mixin_verb=('build',))
[0.170s] Level 1:colcon.colcon_core.package_discovery:discover_packages(colcon_meta) check parameters
[0.170s] Level 1:colcon.colcon_core.package_discovery:discover_packages(recursive) check parameters
[0.170s] Level 1:colcon.colcon_core.package_discovery:discover_packages(ignore) check parameters
[0.170s] Level 1:colcon.colcon_core.package_discovery:discover_packages(path) check parameters
[0.170s] Level 1:colcon.colcon_core.package_discovery:discover_packages(colcon_meta) discover
[0.170s] Level 1:colcon.colcon_core.package_discovery:discover_packages(recursive) discover
[0.170s] INFO:colcon.colcon_core.package_discovery:Crawling recursively for packages in '/home/joe/Desktop/FURP'
[0.171s] Level 1:colcon.colcon_core.package_identification:_identify(.) by extensions ['ignore', 'ignore_ament_install']
[0.171s] Level 1:colcon.colcon_core.package_identification:_identify(.) by extension 'ignore'
[0.171s] Level 1:colcon.colcon_core.package_identification:_identify(.) by extension 'ignore_ament_install'
[0.171s] Level 1:colcon.colcon_core.package_identification:_identify(.) by extensions ['colcon_pkg']
[0.171s] Level 1:colcon.colcon_core.package_identification:_identify(.) by extension 'colcon_pkg'
[0.171s] Level 1:colcon.colcon_core.package_identification:_identify(.) by extensions ['colcon_meta']
[0.171s] Level 1:colcon.colcon_core.package_identification:_identify(.) by extension 'colcon_meta'
[0.171s] Level 1:colcon.colcon_core.package_identification:_identify(.) by extensions ['ros']
[0.171s] Level 1:colcon.colcon_core.package_identification:_identify(.) by extension 'ros'
[0.195s] Level 1:colcon.colcon_core.package_identification:_identify(.) by extensions ['cmake', 'python']
[0.195s] Level 1:colcon.colcon_core.package_identification:_identify(.) by extension 'cmake'
[0.195s] Level 1:colcon.colcon_core.package_identification:_identify(.) by extension 'python'
[0.195s] Level 1:colcon.colcon_core.package_identification:_identify(.) by extensions ['python_setup_py']
[0.195s] Level 1:colcon.colcon_core.package_identification:_identify(.) by extension 'python_setup_py'
[0.196s] Level 1:colcon.colcon_core.package_identification:_identify(build) by extensions ['ignore', 'ignore_ament_install']
[0.196s] Level 1:colcon.colcon_core.package_identification:_identify(build) by extension 'ignore'
[0.196s] Level 1:colcon.colcon_core.package_identification:_identify(build) ignored
[0.196s] Level 1:colcon.colcon_core.package_identification:_identify(docs) by extensions ['ignore', 'ignore_ament_install']
[0.196s] Level 1:colcon.colcon_core.package_identification:_identify(docs) by extension 'ignore'
[0.196s] Level 1:colcon.colcon_core.package_identification:_identify(docs) by extension 'ignore_ament_install'
[0.196s] Level 1:colcon.colcon_core.package_identification:_identify(docs) by extensions ['colcon_pkg']
[0.196s] Level 1:colcon.colcon_core.package_identification:_identify(docs) by extension 'colcon_pkg'
[0.196s] Level 1:colcon.colcon_core.package_identification:_identify(docs) by extensions ['colcon_meta']
[0.196s] Level 1:colcon.colcon_core.package_identification:_identify(docs) by extension 'colcon_meta'
[0.196s] Level 1:colcon.colcon_core.package_identification:_identify(docs) by extensions ['ros']
[0.196s] Level 1:colcon.colcon_core.package_identification:_identify(docs) by extension 'ros'
[0.196s] Level 1:colcon.colcon_core.package_identification:_identify(docs) by extensions ['cmake', 'python']
[0.196s] Level 1:colcon.colcon_core.package_identification:_identify(docs) by extension 'cmake'
[0.196s] Level 1:colcon.colcon_core.package_identification:_identify(docs) by extension 'python'
[0.196s] Level 1:colcon.colcon_core.package_identification:_identify(docs) by extensions ['python_setup_py']
[0.196s] Level 1:colcon.colcon_core.package_identification:_identify(docs) by extension 'python_setup_py'
[0.196s] Level 1:colcon.colcon_core.package_identification:_identify(docs/meeting_notes) by extensions ['ignore', 'ignore_ament_install']
[0.197s] Level 1:colcon.colcon_core.package_identification:_identify(docs/meeting_notes) by extension 'ignore'
[0.197s] Level 1:colcon.colcon_core.package_identification:_identify(docs/meeting_notes) by extension 'ignore_ament_install'
[0.197s] Level 1:colcon.colcon_core.package_identification:_identify(docs/meeting_notes) by extensions ['colcon_pkg']
[0.197s] Level 1:colcon.colcon_core.package_identification:_identify(docs/meeting_notes) by extension 'colcon_pkg'
[0.197s] Level 1:colcon.colcon_core.package_identification:_identify(docs/meeting_notes) by extensions ['colcon_meta']
[0.197s] Level 1:colcon.colcon_core.package_identification:_identify(docs/meeting_notes) by extension 'colcon_meta'
[0.197s] Level 1:colcon.colcon_core.package_identification:_identify(docs/meeting_notes) by extensions ['ros']
[0.197s] Level 1:colcon.colcon_core.package_identification:_identify(docs/meeting_notes) by extension 'ros'
[0.197s] Level 1:colcon.colcon_core.package_identification:_identify(docs/meeting_notes) by extensions ['cmake', 'python']
[0.197s] Level 1:colcon.colcon_core.package_identification:_identify(docs/meeting_notes) by extension 'cmake'
[0.197s] Level 1:colcon.colcon_core.package_identification:_identify(docs/meeting_notes) by extension 'python'
[0.197s] Level 1:colcon.colcon_core.package_identification:_identify(docs/meeting_notes) by extensions ['python_setup_py']
[0.197s] Level 1:colcon.colcon_core.package_identification:_identify(docs/meeting_notes) by extension 'python_setup_py'
[0.197s] Level 1:colcon.colcon_core.package_identification:_identify(install) by extensions ['ignore', 'ignore_ament_install']
[0.197s] Level 1:colcon.colcon_core.package_identification:_identify(install) by extension 'ignore'
[0.197s] Level 1:colcon.colcon_core.package_identification:_identify(install) ignored
[0.197s] Level 1:colcon.colcon_core.package_identification:_identify(log) by extensions ['ignore', 'ignore_ament_install']
[0.197s] Level 1:colcon.colcon_core.package_identification:_identify(log) by extension 'ignore'
[0.197s] Level 1:colcon.colcon_core.package_identification:_identify(log) ignored
[0.197s] Level 1:colcon.colcon_core.package_identification:_identify(src) by extensions ['ignore', 'ignore_ament_install']
[0.197s] Level 1:colcon.colcon_core.package_identification:_identify(src) by extension 'ignore'
[0.197s] Level 1:colcon.colcon_core.package_identification:_identify(src) by extension 'ignore_ament_install'
[0.197s] Level 1:colcon.colcon_core.package_identification:_identify(src) by extensions ['colcon_pkg']
[0.197s] Level 1:colcon.colcon_core.package_identification:_identify(src) by extension 'colcon_pkg'
[0.197s] Level 1:colcon.colcon_core.package_identification:_identify(src) by extensions ['colcon_meta']
[0.198s] Level 1:colcon.colcon_core.package_identification:_identify(src) by extension 'colcon_meta'
[0.198s] Level 1:colcon.colcon_core.package_identification:_identify(src) by extensions ['ros']
[0.198s] Level 1:colcon.colcon_core.package_identification:_identify(src) by extension 'ros'
[0.198s] Level 1:colcon.colcon_core.package_identification:_identify(src) by extensions ['cmake', 'python']
[0.198s] Level 1:colcon.colcon_core.package_identification:_identify(src) by extension 'cmake'
[0.198s] Level 1:colcon.colcon_core.package_identification:_identify(src) by extension 'python'
[0.198s] Level 1:colcon.colcon_core.package_identification:_identify(src) by extensions ['python_setup_py']
[0.198s] Level 1:colcon.colcon_core.package_identification:_identify(src) by extension 'python_setup_py'
[0.198s] Level 1:colcon.colcon_core.package_identification:_identify(src/control) by extensions ['ignore', 'ignore_ament_install']
[0.198s] Level 1:colcon.colcon_core.package_identification:_identify(src/control) by extension 'ignore'
[0.198s] Level 1:colcon.colcon_core.package_identification:_identify(src/control) by extension 'ignore_ament_install'
[0.198s] Level 1:colcon.colcon_core.package_identification:_identify(src/control) by extensions ['colcon_pkg']
[0.198s] Level 1:colcon.colcon_core.package_identification:_identify(src/control) by extension 'colcon_pkg'
[0.198s] Level 1:colcon.colcon_core.package_identification:_identify(src/control) by extensions ['colcon_meta']
[0.198s] Level 1:colcon.colcon_core.package_identification:_identify(src/control) by extension 'colcon_meta'
[0.198s] Level 1:colcon.colcon_core.package_identification:_identify(src/control) by extensions ['ros']
[0.198s] Level 1:colcon.colcon_core.package_identification:_identify(src/control) by extension 'ros'
[0.200s] DEBUG:colcon.colcon_core.package_identification:Package 'src/control' with type 'ros.ament_python' and name 'control'
[0.200s] Level 1:colcon.colcon_core.package_identification:_identify(src/description) by extensions ['ignore', 'ignore_ament_install']
[0.201s] Level 1:colcon.colcon_core.package_identification:_identify(src/description) by extension 'ignore'
[0.201s] Level 1:colcon.colcon_core.package_identification:_identify(src/description) by extension 'ignore_ament_install'
[0.201s] Level 1:colcon.colcon_core.package_identification:_identify(src/description) by extensions ['colcon_pkg']
[0.201s] Level 1:colcon.colcon_core.package_identification:_identify(src/description) by extension 'colcon_pkg'
[0.201s] Level 1:colcon.colcon_core.package_identification:_identify(src/description) by extensions ['colcon_meta']
[0.201s] Level 1:colcon.colcon_core.package_identification:_identify(src/description) by extension 'colcon_meta'
[0.201s] Level 1:colcon.colcon_core.package_identification:_identify(src/description) by extensions ['ros']
[0.201s] Level 1:colcon.colcon_core.package_identification:_identify(src/description) by extension 'ros'
[0.201s] DEBUG:colcon.colcon_core.package_identification:Package 'src/description' with type 'ros.ament_python' and name 'description'
[0.201s] Level 1:colcon.colcon_core.package_identification:_identify(src/simulation) by extensions ['ignore', 'ignore_ament_install']
[0.201s] Level 1:colcon.colcon_core.package_identification:_identify(src/simulation) by extension 'ignore'
[0.202s] Level 1:colcon.colcon_core.package_identification:_identify(src/simulation) by extension 'ignore_ament_install'
[0.202s] Level 1:colcon.colcon_core.package_identification:_identify(src/simulation) by extensions ['colcon_pkg']
[0.202s] Level 1:colcon.colcon_core.package_identification:_identify(src/simulation) by extension 'colcon_pkg'
[0.202s] Level 1:colcon.colcon_core.package_identification:_identify(src/simulation) by extensions ['colcon_meta']
[0.202s] Level 1:colcon.colcon_core.package_identification:_identify(src/simulation) by extension 'colcon_meta'
[0.202s] Level 1:colcon.colcon_core.package_identification:_identify(src/simulation) by extensions ['ros']
[0.202s] Level 1:colcon.colcon_core.package_identification:_identify(src/simulation) by extension 'ros'
[0.202s] DEBUG:colcon.colcon_core.package_identification:Package 'src/simulation' with type 'ros.ament_python' and name 'simulation'
[0.202s] Level 1:colcon.colcon_core.package_identification:_identify(src/ur5e_moveit_config) by extensions ['ignore', 'ignore_ament_install']
[0.202s] Level 1:colcon.colcon_core.package_identification:_identify(src/ur5e_moveit_config) by extension 'ignore'
[0.202s] Level 1:colcon.colcon_core.package_identification:_identify(src/ur5e_moveit_config) by extension 'ignore_ament_install'
[0.202s] Level 1:colcon.colcon_core.package_identification:_identify(src/ur5e_moveit_config) by extensions ['colcon_pkg']
[0.202s] Level 1:colcon.colcon_core.package_identification:_identify(src/ur5e_moveit_config) by extension 'colcon_pkg'
[0.202s] Level 1:colcon.colcon_core.package_identification:_identify(src/ur5e_moveit_config) by extensions ['colcon_meta']
[0.202s] Level 1:colcon.colcon_core.package_identification:_identify(src/ur5e_moveit_config) by extension 'colcon_meta'
[0.202s] Level 1:colcon.colcon_core.package_identification:_identify(src/ur5e_moveit_config) by extensions ['ros']
[0.202s] Level 1:colcon.colcon_core.package_identification:_identify(src/ur5e_moveit_config) by extension 'ros'
[0.202s] Level 1:colcon.colcon_core.package_identification:_identify(src/ur5e_moveit_config) by extensions ['cmake', 'python']
[0.202s] Level 1:colcon.colcon_core.package_identification:_identify(src/ur5e_moveit_config) by extension 'cmake'
[0.203s] Level 1:colcon.colcon_core.package_identification:_identify(src/ur5e_moveit_config) by extension 'python'
[0.203s] Level 1:colcon.colcon_core.package_identification:_identify(src/ur5e_moveit_config) by extensions ['python_setup_py']
[0.203s] Level 1:colcon.colcon_core.package_identification:_identify(src/ur5e_moveit_config) by extension 'python_setup_py'
[0.203s] Level 1:colcon.colcon_core.package_discovery:discover_packages(recursive) using defaults
[0.203s] Level 1:colcon.colcon_core.package_discovery:discover_packages(ignore) discover
[0.203s] Level 1:colcon.colcon_core.package_discovery:discover_packages(ignore) using defaults
[0.203s] Level 1:colcon.colcon_core.package_discovery:discover_packages(path) discover
[0.203s] Level 1:colcon.colcon_core.package_discovery:discover_packages(path) using defaults
[0.220s] Level 1:colcon.colcon_core.package_discovery:discover_packages(prefix_path) check parameters
[0.220s] Level 1:colcon.colcon_core.package_discovery:discover_packages(prefix_path) discover
[0.225s] DEBUG:colcon.colcon_installed_package_information.package_discovery:Found 70 installed packages in /home/joe/ws_moveit/install
[0.227s] DEBUG:colcon.colcon_installed_package_information.package_discovery:Found 439 installed packages in /opt/ros/jazzy
[0.228s] Level 1:colcon.colcon_core.package_discovery:discover_packages(prefix_path) using defaults
[0.286s] Level 5:colcon.colcon_core.verb:set package 'description' build argument 'cmake_args' from command line to 'None'
[0.286s] Level 5:colcon.colcon_core.verb:set package 'description' build argument 'cmake_target' from command line to 'None'
[0.287s] Level 5:colcon.colcon_core.verb:set package 'description' build argument 'cmake_target_skip_unavailable' from command line to 'False'
[0.287s] Level 5:colcon.colcon_core.verb:set package 'description' build argument 'cmake_clean_cache' from command line to 'False'
[0.287s] Level 5:colcon.colcon_core.verb:set package 'description' build argument 'cmake_clean_first' from command line to 'False'
[0.287s] Level 5:colcon.colcon_core.verb:set package 'description' build argument 'cmake_force_configure' from command line to 'False'
[0.287s] Level 5:colcon.colcon_core.verb:set package 'description' build argument 'ament_cmake_args' from command line to 'None'
[0.287s] Level 5:colcon.colcon_core.verb:set package 'description' build argument 'catkin_cmake_args' from command line to 'None'
[0.287s] Level 5:colcon.colcon_core.verb:set package 'description' build argument 'catkin_skip_building_tests' from command line to 'False'
[0.287s] DEBUG:colcon.colcon_core.verb:Building package 'description' with the following arguments: {'ament_cmake_args': None, 'build_base': '/home/joe/Desktop/FURP/build/description', 'catkin_cmake_args': None, 'catkin_skip_building_tests': False, 'cmake_args': None, 'cmake_clean_cache': False, 'cmake_clean_first': False, 'cmake_force_configure': False, 'cmake_target': None, 'cmake_target_skip_unavailable': False, 'install_base': '/home/joe/Desktop/FURP/install/description', 'merge_install': False, 'path': '/home/joe/Desktop/FURP/src/description', 'symlink_install': True, 'test_result_base': None}
[0.287s] Level 5:colcon.colcon_core.verb:set package 'control' build argument 'cmake_args' from command line to 'None'
[0.287s] Level 5:colcon.colcon_core.verb:set package 'control' build argument 'cmake_target' from command line to 'None'
[0.287s] Level 5:colcon.colcon_core.verb:set package 'control' build argument 'cmake_target_skip_unavailable' from command line to 'False'
[0.287s] Level 5:colcon.colcon_core.verb:set package 'control' build argument 'cmake_clean_cache' from command line to 'False'
[0.287s] Level 5:colcon.colcon_core.verb:set package 'control' build argument 'cmake_clean_first' from command line to 'False'
[0.287s] Level 5:colcon.colcon_core.verb:set package 'control' build argument 'cmake_force_configure' from command line to 'False'
[0.287s] Level 5:colcon.colcon_core.verb:set package 'control' build argument 'ament_cmake_args' from command line to 'None'
[0.287s] Level 5:colcon.colcon_core.verb:set package 'control' build argument 'catkin_cmake_args' from command line to 'None'
[0.287s] Level 5:colcon.colcon_core.verb:set package 'control' build argument 'catkin_skip_building_tests' from command line to 'False'
[0.287s] DEBUG:colcon.colcon_core.verb:Building package 'control' with the following arguments: {'ament_cmake_args': None, 'build_base': '/home/joe/Desktop/FURP/build/control', 'catkin_cmake_args': None, 'catkin_skip_building_tests': False, 'cmake_args': None, 'cmake_clean_cache': False, 'cmake_clean_first': False, 'cmake_force_configure': False, 'cmake_target': None, 'cmake_target_skip_unavailable': False, 'install_base': '/home/joe/Desktop/FURP/install/control', 'merge_install': False, 'path': '/home/joe/Desktop/FURP/src/control', 'symlink_install': True, 'test_result_base': None}
[0.287s] Level 5:colcon.colcon_core.verb:set package 'simulation' build argument 'cmake_args' from command line to 'None'
[0.287s] Level 5:colcon.colcon_core.verb:set package 'simulation' build argument 'cmake_target' from command line to 'None'
[0.287s] Level 5:colcon.colcon_core.verb:set package 'simulation' build argument 'cmake_target_skip_unavailable' from command line to 'False'
[0.287s] Level 5:colcon.colcon_core.verb:set package 'simulation' build argument 'cmake_clean_cache' from command line to 'False'
[0.287s] Level 5:colcon.colcon_core.verb:set package 'simulation' build argument 'cmake_clean_first' from command line to 'False'
[0.287s] Level 5:colcon.colcon_core.verb:set package 'simulation' build argument 'cmake_force_configure' from command line to 'False'
[0.287s] Level 5:colcon.colcon_core.verb:set package 'simulation' build argument 'ament_cmake_args' from command line to 'None'
[0.287s] Level 5:colcon.colcon_core.verb:set package 'simulation' build argument 'catkin_cmake_args' from command line to 'None'
[0.287s] Level 5:colcon.colcon_core.verb:set package 'simulation' build argument 'catkin_skip_building_tests' from command line to 'False'
[0.287s] DEBUG:colcon.colcon_core.verb:Building package 'simulation' with the following arguments: {'ament_cmake_args': None, 'build_base': '/home/joe/Desktop/FURP/build/simulation', 'catkin_cmake_args': None, 'catkin_skip_building_tests': False, 'cmake_args': None, 'cmake_clean_cache': False, 'cmake_clean_first': False, 'cmake_force_configure': False, 'cmake_target': None, 'cmake_target_skip_unavailable': False, 'install_base': '/home/joe/Desktop/FURP/install/simulation', 'merge_install': False, 'path': '/home/joe/Desktop/FURP/src/simulation', 'symlink_install': True, 'test_result_base': None}
[0.288s] INFO:colcon.colcon_core.executor:Executing jobs using 'parallel' executor
[0.289s] DEBUG:colcon.colcon_parallel_executor.executor.parallel:run_until_complete
[0.290s] INFO:colcon.colcon_ros.task.ament_python.build:Building ROS package in '/home/joe/Desktop/FURP/src/description' with build type 'ament_python'
[0.290s] Level 1:colcon.colcon_core.shell:create_environment_hook('description', 'ament_prefix_path')
[0.292s] INFO:colcon.colcon_core.plugin_system:Skipping extension 'colcon_core.shell.bat': Not used on non-Windows systems
[0.293s] INFO:colcon.colcon_core.shell:Creating environment hook '/home/joe/Desktop/FURP/install/description/share/description/hook/ament_prefix_path.ps1'
[0.294s] INFO:colcon.colcon_core.shell:Creating environment descriptor '/home/joe/Desktop/FURP/install/description/share/description/hook/ament_prefix_path.dsv'
[0.294s] INFO:colcon.colcon_core.shell:Creating environment hook '/home/joe/Desktop/FURP/install/description/share/description/hook/ament_prefix_path.sh'
[0.295s] INFO:colcon.colcon_core.shell:Skip shell extension 'powershell' for command environment: Not usable outside of PowerShell
[0.295s] DEBUG:colcon.colcon_core.shell:Skip shell extension 'dsv' for command environment
[0.592s] INFO:colcon.colcon_core.task.python.build:Building Python package in '/home/joe/Desktop/FURP/src/description'
[0.593s] INFO:colcon.colcon_core.shell:Skip shell extension 'powershell' for command environment: Not usable outside of PowerShell
[0.593s] DEBUG:colcon.colcon_core.shell:Skip shell extension 'dsv' for command environment
[1.260s] DEBUG:colcon.colcon_core.event_handler.log_command:Invoking command in '/home/joe/Desktop/FURP/build/description': DEBUGINFOD_URLS=https://debuginfod.ubuntu.com PYTHONPATH=/home/joe/Desktop/FURP/build/description/prefix_override:/usr/lib/python3/dist-packages/colcon_core/task/python/colcon_distutils_commands:/home/joe/Desktop/FURP/install/description/lib/python3.12/site-packages:${PYTHONPATH} VIRTUAL_ENV_PROMPT=(.venv) /usr/bin/python3 -W ignore:setup.py install is deprecated -W ignore:easy_install command is deprecated setup.py develop --editable --build-directory /home/joe/Desktop/FURP/build/description/build --no-deps symlink_data
[1.987s] Level 1:colcon.colcon_core.shell:create_environment_hook('description', 'pythonpath_develop')
[1.988s] INFO:colcon.colcon_core.shell:Creating environment hook '/home/joe/Desktop/FURP/build/description/share/description/hook/pythonpath_develop.ps1'
[1.989s] DEBUG:colcon.colcon_core.event_handler.log_command:Invoked command in '/home/joe/Desktop/FURP/build/description' returned '0': DEBUGINFOD_URLS=https://debuginfod.ubuntu.com PYTHONPATH=/home/joe/Desktop/FURP/build/description/prefix_override:/usr/lib/python3/dist-packages/colcon_core/task/python/colcon_distutils_commands:/home/joe/Desktop/FURP/install/description/lib/python3.12/site-packages:${PYTHONPATH} VIRTUAL_ENV_PROMPT=(.venv) /usr/bin/python3 -W ignore:setup.py install is deprecated -W ignore:easy_install command is deprecated setup.py develop --editable --build-directory /home/joe/Desktop/FURP/build/description/build --no-deps symlink_data
[1.990s] INFO:colcon.colcon_core.shell:Creating environment descriptor '/home/joe/Desktop/FURP/build/description/share/description/hook/pythonpath_develop.dsv'
[1.990s] INFO:colcon.colcon_core.shell:Creating environment hook '/home/joe/Desktop/FURP/build/description/share/description/hook/pythonpath_develop.sh'
[2.000s] Level 1:colcon.colcon_core.environment:checking '/home/joe/Desktop/FURP/install/description' for CMake module files
[2.001s] Level 1:colcon.colcon_core.environment:checking '/home/joe/Desktop/FURP/install/description' for CMake config files
[2.002s] Level 1:colcon.colcon_core.environment:checking '/home/joe/Desktop/FURP/install/description/lib'
[2.002s] Level 1:colcon.colcon_core.environment:checking '/home/joe/Desktop/FURP/install/description/bin'
[2.002s] Level 1:colcon.colcon_core.environment:checking '/home/joe/Desktop/FURP/install/description/lib/pkgconfig/description.pc'
[2.003s] Level 1:colcon.colcon_core.environment:checking '/home/joe/Desktop/FURP/install/description/lib/python3.12/site-packages'
[2.003s] Level 1:colcon.colcon_core.shell:create_environment_hook('description', 'pythonpath')
[2.003s] INFO:colcon.colcon_core.shell:Creating environment hook '/home/joe/Desktop/FURP/install/description/share/description/hook/pythonpath.ps1'
[2.004s] INFO:colcon.colcon_core.shell:Creating environment descriptor '/home/joe/Desktop/FURP/install/description/share/description/hook/pythonpath.dsv'
[2.005s] INFO:colcon.colcon_core.shell:Creating environment hook '/home/joe/Desktop/FURP/install/description/share/description/hook/pythonpath.sh'
[2.006s] Level 1:colcon.colcon_core.environment:checking '/home/joe/Desktop/FURP/install/description/bin'
[2.006s] Level 1:colcon.colcon_core.environment:create_environment_scripts_only(description)
[2.007s] INFO:colcon.colcon_core.shell:Creating package script '/home/joe/Desktop/FURP/install/description/share/description/package.ps1'
[2.011s] INFO:colcon.colcon_core.shell:Creating package descriptor '/home/joe/Desktop/FURP/install/description/share/description/package.dsv'
[2.013s] INFO:colcon.colcon_core.shell:Creating package script '/home/joe/Desktop/FURP/install/description/share/description/package.sh'
[2.014s] INFO:colcon.colcon_core.shell:Creating package script '/home/joe/Desktop/FURP/install/description/share/description/package.bash'
[2.016s] INFO:colcon.colcon_core.shell:Creating package script '/home/joe/Desktop/FURP/install/description/share/description/package.zsh'
[2.017s] Level 1:colcon.colcon_core.environment:create_file_with_runtime_dependencies(/home/joe/Desktop/FURP/install/description/share/colcon-core/packages/description)
[2.018s] INFO:colcon.colcon_ros.task.ament_python.build:Building ROS package in '/home/joe/Desktop/FURP/src/control' with build type 'ament_python'
[2.018s] Level 1:colcon.colcon_core.shell:create_environment_hook('control', 'ament_prefix_path')
[2.019s] INFO:colcon.colcon_core.shell:Creating environment hook '/home/joe/Desktop/FURP/install/control/share/control/hook/ament_prefix_path.ps1'
[2.021s] INFO:colcon.colcon_core.shell:Creating environment descriptor '/home/joe/Desktop/FURP/install/control/share/control/hook/ament_prefix_path.dsv'
[2.021s] INFO:colcon.colcon_core.shell:Creating environment hook '/home/joe/Desktop/FURP/install/control/share/control/hook/ament_prefix_path.sh'
[2.022s] INFO:colcon.colcon_core.shell:Skip shell extension 'powershell' for command environment: Not usable outside of PowerShell
[2.023s] DEBUG:colcon.colcon_core.shell:Skip shell extension 'dsv' for command environment
[2.036s] INFO:colcon.colcon_ros.task.ament_python.build:Building ROS package in '/home/joe/Desktop/FURP/src/simulation' with build type 'ament_python'
[2.036s] Level 1:colcon.colcon_core.shell:create_environment_hook('simulation', 'ament_prefix_path')
[2.036s] INFO:colcon.colcon_core.shell:Creating environment hook '/home/joe/Desktop/FURP/install/simulation/share/simulation/hook/ament_prefix_path.ps1'
[2.037s] INFO:colcon.colcon_core.shell:Creating environment descriptor '/home/joe/Desktop/FURP/install/simulation/share/simulation/hook/ament_prefix_path.dsv'
[2.037s] INFO:colcon.colcon_core.shell:Creating environment hook '/home/joe/Desktop/FURP/install/simulation/share/simulation/hook/ament_prefix_path.sh'
[2.038s] INFO:colcon.colcon_core.shell:Skip shell extension 'powershell' for command environment: Not usable outside of PowerShell
[2.038s] DEBUG:colcon.colcon_core.shell:Skip shell extension 'dsv' for command environment
[2.330s] INFO:colcon.colcon_core.task.python.build:Building Python package in '/home/joe/Desktop/FURP/src/control'
[2.331s] INFO:colcon.colcon_core.shell:Skip shell extension 'powershell' for command environment: Not usable outside of PowerShell
[2.331s] DEBUG:colcon.colcon_core.shell:Skip shell extension 'dsv' for command environment
[2.632s] INFO:colcon.colcon_core.task.python.build:Building Python package in '/home/joe/Desktop/FURP/src/simulation'
[2.632s] INFO:colcon.colcon_core.shell:Skip shell extension 'powershell' for command environment: Not usable outside of PowerShell
[2.632s] DEBUG:colcon.colcon_core.shell:Skip shell extension 'dsv' for command environment
[3.308s] DEBUG:colcon.colcon_core.event_handler.log_command:Invoking command in '/home/joe/Desktop/FURP/build/control': AMENT_PREFIX_PATH=/home/joe/Desktop/FURP/install/description:${AMENT_PREFIX_PATH} DEBUGINFOD_URLS=https://debuginfod.ubuntu.com PYTHONPATH=/home/joe/Desktop/FURP/build/control/prefix_override:/usr/lib/python3/dist-packages/colcon_core/task/python/colcon_distutils_commands:/home/joe/Desktop/FURP/install/control/lib/python3.12/site-packages:/home/joe/Desktop/FURP/build/description:/home/joe/Desktop/FURP/install/description/lib/python3.12/site-packages:${PYTHONPATH} VIRTUAL_ENV_PROMPT=(.venv) /usr/bin/python3 -W ignore:setup.py install is deprecated -W ignore:easy_install command is deprecated setup.py develop --editable --build-directory /home/joe/Desktop/FURP/build/control/build --no-deps symlink_data
[3.320s] DEBUG:colcon.colcon_core.event_handler.log_command:Invoking command in '/home/joe/Desktop/FURP/build/simulation': AMENT_PREFIX_PATH=/home/joe/Desktop/FURP/install/description:${AMENT_PREFIX_PATH} DEBUGINFOD_URLS=https://debuginfod.ubuntu.com PYTHONPATH=/home/joe/Desktop/FURP/build/simulation/prefix_override:/usr/lib/python3/dist-packages/colcon_core/task/python/colcon_distutils_commands:/home/joe/Desktop/FURP/install/simulation/lib/python3.12/site-packages:/home/joe/Desktop/FURP/build/description:/home/joe/Desktop/FURP/install/description/lib/python3.12/site-packages:${PYTHONPATH} VIRTUAL_ENV_PROMPT=(.venv) /usr/bin/python3 -W ignore:setup.py install is deprecated -W ignore:easy_install command is deprecated setup.py develop --editable --build-directory /home/joe/Desktop/FURP/build/simulation/build --no-deps symlink_data
[4.051s] Level 1:colcon.colcon_core.shell:create_environment_hook('control', 'pythonpath_develop')
[4.051s] DEBUG:colcon.colcon_core.event_handler.log_command:Invoked command in '/home/joe/Desktop/FURP/build/control' returned '0': AMENT_PREFIX_PATH=/home/joe/Desktop/FURP/install/description:${AMENT_PREFIX_PATH} DEBUGINFOD_URLS=https://debuginfod.ubuntu.com PYTHONPATH=/home/joe/Desktop/FURP/build/control/prefix_override:/usr/lib/python3/dist-packages/colcon_core/task/python/colcon_distutils_commands:/home/joe/Desktop/FURP/install/control/lib/python3.12/site-packages:/home/joe/Desktop/FURP/build/description:/home/joe/Desktop/FURP/install/description/lib/python3.12/site-packages:${PYTHONPATH} VIRTUAL_ENV_PROMPT=(.venv) /usr/bin/python3 -W ignore:setup.py install is deprecated -W ignore:easy_install command is deprecated setup.py develop --editable --build-directory /home/joe/Desktop/FURP/build/control/build --no-deps symlink_data
[4.052s] INFO:colcon.colcon_core.shell:Creating environment hook '/home/joe/Desktop/FURP/build/control/share/control/hook/pythonpath_develop.ps1'
[4.053s] INFO:colcon.colcon_core.shell:Creating environment descriptor '/home/joe/Desktop/FURP/build/control/share/control/hook/pythonpath_develop.dsv'
[4.053s] INFO:colcon.colcon_core.shell:Creating environment hook '/home/joe/Desktop/FURP/build/control/share/control/hook/pythonpath_develop.sh'
[4.053s] Level 1:colcon.colcon_core.environment:checking '/home/joe/Desktop/FURP/install/control' for CMake module files
[4.054s] Level 1:colcon.colcon_core.environment:checking '/home/joe/Desktop/FURP/install/control' for CMake config files
[4.054s] Level 1:colcon.colcon_core.environment:checking '/home/joe/Desktop/FURP/install/control/lib'
[4.054s] Level 1:colcon.colcon_core.environment:checking '/home/joe/Desktop/FURP/install/control/bin'
[4.054s] Level 1:colcon.colcon_core.environment:checking '/home/joe/Desktop/FURP/install/control/lib/pkgconfig/control.pc'
[4.055s] Level 1:colcon.colcon_core.environment:checking '/home/joe/Desktop/FURP/install/control/lib/python3.12/site-packages'
[4.055s] Level 1:colcon.colcon_core.shell:create_environment_hook('control', 'pythonpath')
[4.055s] INFO:colcon.colcon_core.shell:Creating environment hook '/home/joe/Desktop/FURP/install/control/share/control/hook/pythonpath.ps1'
[4.055s] INFO:colcon.colcon_core.shell:Creating environment descriptor '/home/joe/Desktop/FURP/install/control/share/control/hook/pythonpath.dsv'
[4.055s] INFO:colcon.colcon_core.shell:Creating environment hook '/home/joe/Desktop/FURP/install/control/share/control/hook/pythonpath.sh'
[4.056s] Level 1:colcon.colcon_core.environment:checking '/home/joe/Desktop/FURP/install/control/bin'
[4.056s] Level 1:colcon.colcon_core.environment:create_environment_scripts_only(control)
[4.057s] INFO:colcon.colcon_core.shell:Creating package script '/home/joe/Desktop/FURP/install/control/share/control/package.ps1'
[4.057s] INFO:colcon.colcon_core.shell:Creating package descriptor '/home/joe/Desktop/FURP/install/control/share/control/package.dsv'
[4.058s] INFO:colcon.colcon_core.shell:Creating package script '/home/joe/Desktop/FURP/install/control/share/control/package.sh'
[4.058s] INFO:colcon.colcon_core.shell:Creating package script '/home/joe/Desktop/FURP/install/control/share/control/package.bash'
[4.058s] INFO:colcon.colcon_core.shell:Creating package script '/home/joe/Desktop/FURP/install/control/share/control/package.zsh'
[4.059s] Level 1:colcon.colcon_core.environment:create_file_with_runtime_dependencies(/home/joe/Desktop/FURP/install/control/share/colcon-core/packages/control)
[4.060s] Level 1:colcon.colcon_core.shell:create_environment_hook('simulation', 'pythonpath_develop')
[4.060s] INFO:colcon.colcon_core.shell:Creating environment hook '/home/joe/Desktop/FURP/build/simulation/share/simulation/hook/pythonpath_develop.ps1'
[4.061s] INFO:colcon.colcon_core.shell:Creating environment descriptor '/home/joe/Desktop/FURP/build/simulation/share/simulation/hook/pythonpath_develop.dsv'
[4.062s] DEBUG:colcon.colcon_core.event_handler.log_command:Invoked command in '/home/joe/Desktop/FURP/build/simulation' returned '0': AMENT_PREFIX_PATH=/home/joe/Desktop/FURP/install/description:${AMENT_PREFIX_PATH} DEBUGINFOD_URLS=https://debuginfod.ubuntu.com PYTHONPATH=/home/joe/Desktop/FURP/build/simulation/prefix_override:/usr/lib/python3/dist-packages/colcon_core/task/python/colcon_distutils_commands:/home/joe/Desktop/FURP/install/simulation/lib/python3.12/site-packages:/home/joe/Desktop/FURP/build/description:/home/joe/Desktop/FURP/install/description/lib/python3.12/site-packages:${PYTHONPATH} VIRTUAL_ENV_PROMPT=(.venv) /usr/bin/python3 -W ignore:setup.py install is deprecated -W ignore:easy_install command is deprecated setup.py develop --editable --build-directory /home/joe/Desktop/FURP/build/simulation/build --no-deps symlink_data
[4.062s] INFO:colcon.colcon_core.shell:Creating environment hook '/home/joe/Desktop/FURP/build/simulation/share/simulation/hook/pythonpath_develop.sh'
[4.063s] Level 1:colcon.colcon_core.environment:checking '/home/joe/Desktop/FURP/install/simulation' for CMake module files
[4.064s] Level 1:colcon.colcon_core.environment:checking '/home/joe/Desktop/FURP/install/simulation' for CMake config files
[4.066s] Level 1:colcon.colcon_core.environment:checking '/home/joe/Desktop/FURP/install/simulation/lib'
[4.066s] Level 1:colcon.colcon_core.environment:checking '/home/joe/Desktop/FURP/install/simulation/bin'
[4.066s] Level 1:colcon.colcon_core.environment:checking '/home/joe/Desktop/FURP/install/simulation/lib/pkgconfig/simulation.pc'
[4.066s] Level 1:colcon.colcon_core.environment:checking '/home/joe/Desktop/FURP/install/simulation/lib/python3.12/site-packages'
[4.067s] Level 1:colcon.colcon_core.shell:create_environment_hook('simulation', 'pythonpath')
[4.067s] INFO:colcon.colcon_core.shell:Creating environment hook '/home/joe/Desktop/FURP/install/simulation/share/simulation/hook/pythonpath.ps1'
[4.068s] INFO:colcon.colcon_core.shell:Creating environment descriptor '/home/joe/Desktop/FURP/install/simulation/share/simulation/hook/pythonpath.dsv'
[4.068s] INFO:colcon.colcon_core.shell:Creating environment hook '/home/joe/Desktop/FURP/install/simulation/share/simulation/hook/pythonpath.sh'
[4.070s] Level 1:colcon.colcon_core.environment:checking '/home/joe/Desktop/FURP/install/simulation/bin'
[4.070s] Level 1:colcon.colcon_core.environment:create_environment_scripts_only(simulation)
[4.070s] INFO:colcon.colcon_core.shell:Creating package script '/home/joe/Desktop/FURP/install/simulation/share/simulation/package.ps1'
[4.072s] INFO:colcon.colcon_core.shell:Creating package descriptor '/home/joe/Desktop/FURP/install/simulation/share/simulation/package.dsv'
[4.072s] INFO:colcon.colcon_core.shell:Creating package script '/home/joe/Desktop/FURP/install/simulation/share/simulation/package.sh'
[4.073s] INFO:colcon.colcon_core.shell:Creating package script '/home/joe/Desktop/FURP/install/simulation/share/simulation/package.bash'
[4.074s] INFO:colcon.colcon_core.shell:Creating package script '/home/joe/Desktop/FURP/install/simulation/share/simulation/package.zsh'
[4.074s] Level 1:colcon.colcon_core.environment:create_file_with_runtime_dependencies(/home/joe/Desktop/FURP/install/simulation/share/colcon-core/packages/simulation)
[4.075s] DEBUG:colcon.colcon_parallel_executor.executor.parallel:closing loop
[4.075s] DEBUG:colcon.colcon_parallel_executor.executor.parallel:loop closed
[4.075s] DEBUG:colcon.colcon_parallel_executor.executor.parallel:run_until_complete finished with '0'
[4.075s] DEBUG:colcon.colcon_core.event_reactor:joining thread
[4.095s] INFO:colcon.colcon_core.plugin_system:Skipping extension 'colcon_notification.desktop_notification.terminal_notifier': Not used on non-Darwin systems
[4.096s] INFO:colcon.colcon_core.plugin_system:Skipping extension 'colcon_notification.desktop_notification.win32': Not used on non-Windows systems
[4.096s] INFO:colcon.colcon_notification.desktop_notification:Sending desktop notification using 'notify2'
[4.096s] DEBUG:colcon.colcon_notification.desktop_notification.notify2:Failed to initialize notify2: org.freedesktop.DBus.Error.AccessDenied: Failed to connect to socket /run/user/1000/bus: Operation not permitted
[4.097s] DEBUG:colcon.colcon_core.event_reactor:joined thread
[4.097s] INFO:colcon.colcon_core.shell:Creating prefix script '/home/joe/Desktop/FURP/install/local_setup.ps1'
[4.099s] INFO:colcon.colcon_core.shell:Creating prefix util module '/home/joe/Desktop/FURP/install/_local_setup_util_ps1.py'
[4.101s] INFO:colcon.colcon_core.shell:Creating prefix chain script '/home/joe/Desktop/FURP/install/setup.ps1'
[4.108s] INFO:colcon.colcon_core.shell:Creating prefix script '/home/joe/Desktop/FURP/install/local_setup.sh'
[4.109s] INFO:colcon.colcon_core.shell:Creating prefix util module '/home/joe/Desktop/FURP/install/_local_setup_util_sh.py'
[4.110s] INFO:colcon.colcon_core.shell:Creating prefix chain script '/home/joe/Desktop/FURP/install/setup.sh'
[4.115s] INFO:colcon.colcon_core.shell:Creating prefix script '/home/joe/Desktop/FURP/install/local_setup.bash'
[4.116s] INFO:colcon.colcon_core.shell:Creating prefix chain script '/home/joe/Desktop/FURP/install/setup.bash'
[4.120s] INFO:colcon.colcon_core.shell:Creating prefix script '/home/joe/Desktop/FURP/install/local_setup.zsh'
[4.121s] INFO:colcon.colcon_core.shell:Creating prefix chain script '/home/joe/Desktop/FURP/install/setup.zsh'
